make.exe --dry-run --always-make --keep-going --print-directory
make.exe: Entering directory 'd:/codigos de videos actuales en github/Servo.X'
make.exe -f nbproject/Makefile-default.mk SUBPROJECTS= .build-conf
 
make.exe[1]: Entering directory 'd:/codigos de videos actuales en github/Servo.X'
 
process_begin: CreateProcess(NULL, mplabwildcard build/default/production/Servos.p1.d, ...) failed.
make.exe[1]: nbproject/Makefile-default.mk:147: pipe: No error
process_begin: CreateProcess(NULL, mplabwildcard build/default/production/Servos.p1.d, ...) failed.
make.exe[2]: nbproject/Makefile-default.mk:147: pipe: No error
 
make.exe  -f nbproject/Makefile-default.mk dist/default/production/Servo.X.production.hex
make.exe[2]: Entering directory 'd:/codigos de videos actuales en github/Servo.X'
gnumkdir -p "build/default/production" 
rm -f  build/default/production/Servos.p1.d 
rm -f  build/default/production/Servos.p1 
"C:\Program Files (x86)\Microchip\xc8\v1.40\bin\xc8.exe" --pass1  --chip=16F1938 -Q -G  --double=24 --float=24 --opt=+asm,+asmfile,-speed,+space,-debug --addrqual=ignore --mode=free -P -N255 --warn=-3 --asmlist -DXPRJ_default=default  --summary=default,-psect,-class,+mem,-hex,-file --output=default,-inhx032 --runtime=default,+clear,+init,-keep,-no_startup,-osccal,-resetbits,-download,-stackcall,+clib   --output=-mcof,+elf:multilocs --stack=compiled:auto:auto "--errformat=%f:%l: error: (%n) %s" "--warnformat=%f:%l: warning: (%n) %s" "--msgformat=%f:%l: advisory: (%n) %s"    -obuild/default/production/Servos.p1  Servos.c 
mv  build/default/production/Servos.d build/default/production/Servos.p1.d 
fixDeps build/default/production/Servos.p1.d  -rsi "C:\Program Files (x86)\Microchip\xc8\v1.40\bin"../  
gnumkdir -p dist/default/production 
"C:\Program Files (x86)\Microchip\xc8\v1.40\bin\xc8.exe"  --chip=16F1938 -G -mdist/default/production/Servo.X.production.map  --double=24 --float=24 --opt=+asm,+asmfile,-speed,+space,-debug --addrqual=ignore --mode=free -P -N255 --warn=-3 --asmlist -DXPRJ_default=default  --summary=default,-psect,-class,+mem,-hex,-file --output=default,-inhx032 --runtime=default,+clear,+init,-keep,-no_startup,-osccal,-resetbits,-download,-stackcall,+clib --output=-mcof,+elf:multilocs --stack=compiled:auto:auto "--errformat=%f:%l: error: (%n) %s" "--warnformat=%f:%l: warning: (%n) %s" "--msgformat=%f:%l: advisory: (%n) %s"      --memorysummary dist/default/production/memoryfile.xml -odist/default/production/Servo.X.production.elf  build/default/production/Servos.p1     
make.exe[2]: Leaving directory 'd:/codigos de videos actuales en github/Servo.X'
make.exe[1]: Leaving directory 'd:/codigos de videos actuales en github/Servo.X'
make.exe: Leaving directory 'd:/codigos de videos actuales en github/Servo.X'
 
